mode: set
github.com/auliardana/fleetify-test/internal/service/attendance_history_service.go:20.124,25.2 1 0
github.com/auliardana/fleetify-test/internal/service/attendance_history_service.go:27.150,29.16 2 0
github.com/auliardana/fleetify-test/internal/service/attendance_history_service.go:29.16,32.3 2 0
github.com/auliardana/fleetify-test/internal/service/attendance_history_service.go:34.2,34.33 1 0
github.com/auliardana/fleetify-test/internal/service/attendance_service.go:26.175,32.2 1 0
github.com/auliardana/fleetify-test/internal/service/attendance_service.go:34.96,44.16 3 0
github.com/auliardana/fleetify-test/internal/service/attendance_service.go:44.16,47.3 2 0
github.com/auliardana/fleetify-test/internal/service/attendance_service.go:49.2,49.12 1 0
github.com/auliardana/fleetify-test/internal/service/attendance_service.go:52.71,54.16 2 0
github.com/auliardana/fleetify-test/internal/service/attendance_service.go:54.16,57.3 2 0
github.com/auliardana/fleetify-test/internal/service/attendance_service.go:59.2,63.16 4 0
github.com/auliardana/fleetify-test/internal/service/attendance_service.go:63.16,66.3 2 0
github.com/auliardana/fleetify-test/internal/service/attendance_service.go:68.2,78.16 3 0
github.com/auliardana/fleetify-test/internal/service/attendance_service.go:78.16,81.3 2 0
github.com/auliardana/fleetify-test/internal/service/attendance_service.go:84.2,84.25 1 0
github.com/auliardana/fleetify-test/internal/service/attendance_service.go:84.25,87.3 2 0
github.com/auliardana/fleetify-test/internal/service/attendance_service.go:89.2,92.9 3 0
github.com/auliardana/fleetify-test/internal/service/attendance_service.go:93.10,95.52 2 0
github.com/auliardana/fleetify-test/internal/service/attendance_service.go:97.100,99.48 2 0
github.com/auliardana/fleetify-test/internal/service/attendance_service.go:106.50,108.46 2 0
github.com/auliardana/fleetify-test/internal/service/attendance_service.go:111.2,112.16 2 0
github.com/auliardana/fleetify-test/internal/service/attendance_service.go:112.16,115.3 2 0
github.com/auliardana/fleetify-test/internal/service/attendance_service.go:117.2,117.12 1 0
github.com/auliardana/fleetify-test/internal/service/departement_service.go:23.106,28.2 1 1
github.com/auliardana/fleetify-test/internal/service/departement_service.go:30.101,39.16 3 1
github.com/auliardana/fleetify-test/internal/service/departement_service.go:39.16,42.3 2 1
github.com/auliardana/fleetify-test/internal/service/departement_service.go:44.2,44.12 1 1
github.com/auliardana/fleetify-test/internal/service/departement_service.go:48.92,50.16 2 1
github.com/auliardana/fleetify-test/internal/service/departement_service.go:50.16,53.3 2 1
github.com/auliardana/fleetify-test/internal/service/departement_service.go:54.2,54.26 1 1
github.com/auliardana/fleetify-test/internal/service/departement_service.go:58.107,61.16 2 1
github.com/auliardana/fleetify-test/internal/service/departement_service.go:61.16,64.3 2 1
github.com/auliardana/fleetify-test/internal/service/departement_service.go:66.2,66.31 1 1
github.com/auliardana/fleetify-test/internal/service/departement_service.go:66.31,68.3 1 1
github.com/auliardana/fleetify-test/internal/service/departement_service.go:70.2,70.34 1 1
github.com/auliardana/fleetify-test/internal/service/departement_service.go:70.34,72.3 1 1
github.com/auliardana/fleetify-test/internal/service/departement_service.go:74.2,74.35 1 1
github.com/auliardana/fleetify-test/internal/service/departement_service.go:74.35,76.3 1 1
github.com/auliardana/fleetify-test/internal/service/departement_service.go:78.2,79.16 2 1
github.com/auliardana/fleetify-test/internal/service/departement_service.go:79.16,82.3 2 1
github.com/auliardana/fleetify-test/internal/service/departement_service.go:84.2,84.12 1 1
github.com/auliardana/fleetify-test/internal/service/departement_service.go:88.78,91.16 2 1
github.com/auliardana/fleetify-test/internal/service/departement_service.go:91.16,94.3 2 1
github.com/auliardana/fleetify-test/internal/service/departement_service.go:96.2,96.12 1 1
github.com/auliardana/fleetify-test/internal/service/employee_service.go:27.97,32.2 1 0
github.com/auliardana/fleetify-test/internal/service/employee_service.go:34.92,45.16 3 0
github.com/auliardana/fleetify-test/internal/service/employee_service.go:45.16,48.3 2 0
github.com/auliardana/fleetify-test/internal/service/employee_service.go:50.2,50.12 1 0
github.com/auliardana/fleetify-test/internal/service/employee_service.go:53.83,55.16 2 0
github.com/auliardana/fleetify-test/internal/service/employee_service.go:55.16,58.3 2 0
github.com/auliardana/fleetify-test/internal/service/employee_service.go:60.2,60.23 1 0
github.com/auliardana/fleetify-test/internal/service/employee_service.go:68.98,71.16 2 0
github.com/auliardana/fleetify-test/internal/service/employee_service.go:71.16,74.3 2 0
github.com/auliardana/fleetify-test/internal/service/employee_service.go:76.2,76.23 1 0
github.com/auliardana/fleetify-test/internal/service/employee_service.go:76.23,78.3 1 0
github.com/auliardana/fleetify-test/internal/service/employee_service.go:80.2,80.20 1 0
github.com/auliardana/fleetify-test/internal/service/employee_service.go:80.20,82.3 1 0
github.com/auliardana/fleetify-test/internal/service/employee_service.go:84.2,84.35 1 0
github.com/auliardana/fleetify-test/internal/service/employee_service.go:84.35,86.3 1 0
github.com/auliardana/fleetify-test/internal/service/employee_service.go:88.2,89.16 2 0
github.com/auliardana/fleetify-test/internal/service/employee_service.go:89.16,92.3 2 0
github.com/auliardana/fleetify-test/internal/service/employee_service.go:94.2,94.12 1 0
github.com/auliardana/fleetify-test/internal/service/employee_service.go:98.75,101.16 2 0
github.com/auliardana/fleetify-test/internal/service/employee_service.go:101.16,104.3 2 0
github.com/auliardana/fleetify-test/internal/service/employee_service.go:106.2,106.12 1 0
